lc_1400_25_1000_8000_0_phi1.09_0.005_0.316
lc_1400_25_1000_8000_0_phi1.09_0.005_10
lc_1400_25_1000_8000_0_phi1.09_0.005_100
lc_1400_25_1000_8000_0_phi1.09_0.005_316
lc_1400_25_1000_8000_0_phi1.09_0.005_32
lc_1400_50_4000_8000_0_phi3.09_0.005_0.316
lc_1400_50_4000_8000_0_phi3.09_0.005_10
lc_1400_50_4000_8000_0_phi3.09_0.005_100
lc_1400_50_4000_8000_0_phi3.09_0.005_316
lc_1400_50_4000_8000_0_phi3.09_0.005_32
lc_140_25_1000_8000_0_phi1.09_0.005_0.1
lc_140_25_1000_8000_0_phi1.09_0.005_0.316
lc_140_25_1000_8000_0_phi1.09_0.005_1
lc_140_25_1000_8000_0_phi1.09_0.005_10
lc_140_25_1000_8000_0_phi1.09_0.005_3.16
lc_140_25_1000_8000_0_phi1.09_0.005_32
lc_140_25_1000_8000_0_phi4.09_0.005_0.1
lc_140_25_1000_8000_0_phi4.09_0.005_0.316
lc_140_25_1000_8000_0_phi4.09_0.005_1
lc_140_25_1000_8000_0_phi4.09_0.005_10
lc_140_25_1000_8000_0_phi4.09_0.005_3.16
lc_140_25_1000_8000_0_phi4.09_0.005_32
lc_140_25_7000_8000_0_phi4.09_0.005_0.1
lc_140_25_7000_8000_0_phi4.09_0.005_0.316
lc_140_25_7000_8000_0_phi4.09_0.005_1
lc_140_25_7000_8000_0_phi4.09_0.005_10
lc_140_25_7000_8000_0_phi4.09_0.005_3.16
lc_140_25_7000_8000_0_phi4.09_0.005_32
lc_140_25_7000_8000_0_phi4.09_0.5_0.1
lc_140_25_7000_8000_0_phi4.09_0.5_0.316
lc_140_25_7000_8000_0_phi4.09_0.5_1
lc_140_25_7000_8000_0_phi4.09_0.5_10
lc_140_25_7000_8000_0_phi4.09_0.5_3.16
lc_140_25_7000_8000_0_phi4.09_0.5_32
lc_14_25_4000_8000_0_phi1.09_0.005_100
lc_14_25_4000_8000_0_phi1.09_0.005_316
lc_14_25_4000_8000_0_phi1.09_0.005_32
lc_14_25_4000_8000_0_phi4.09_0.005_100
lc_14_25_4000_8000_0_phi4.09_0.005_316
lc_14_25_4000_8000_0_phi4.09_0.005_32
lc_14_25_7000_8000_0_phi4.09_0.005_100
lc_14_25_7000_8000_0_phi4.09_0.005_316
lc_14_25_7000_8000_0_phi4.09_0.005_32
lc_14_25_7000_8000_0_phi4.09_0.5_100
lc_14_25_7000_8000_0_phi4.09_0.5_316
lc_14_25_7000_8000_0_phi4.09_0.5_32
lc_14_25_75_8000_0_.3_100
lc_14_25_75_8000_0_.3_316
lc_14_25_75_8000_0_.3_32
lc_14_25_75_8000_0_.6_100
lc_14_25_75_8000_0_.6_316
lc_14_25_75_8000_0_.6_32
lc_14_25_75_8000_0_0.005_100
lc_14_25_75_8000_0_0.005_316
lc_14_25_75_8000_0_0.005_32
lc_14_25_75_8000_0_0.05_100
lc_14_25_75_8000_0_0.05_316
lc_14_25_75_8000_0_0.05_32
lc_14_25_75_8000_0_phi1.09_0.005_100
lc_14_25_75_8000_0_phi1.09_0.005_316
lc_14_25_75_8000_0_phi1.09_0.005_32
lc_14_25_75_8000_0_tets1.09_0.005_100
lc_14_25_75_8000_0_tets1.09_0.005_316
lc_14_25_75_8000_0_tets1.09_0.005_32
lc_14_25_75_8000_0_tets2.09_0.005_100
lc_14_25_75_8000_0_tets2.09_0.005_316
lc_14_25_75_8000_0_tets2.09_0.005_32
